<?xml version="1.0" encoding="UTF-8"?>
<!-- Generated by org.testng.reporters.JUnitReportReporter -->
<testsuite hostname="LAPTOP-M1JCPL9M" failures="0" tests="1" name="proschool.test.LoginTest" time="3.929" errors="0" timestamp="2024-06-18T14:43:43 IST" skipped="0">
  <testcase classname="proschool.test.LoginTest" name="loginToProSchool" time="3.929"/>
  <system-out/>
</testsuite> <!-- proschool.test.LoginTest -->
